2025-06-06 19:16:29 | Error [2] in C:\xampp\htdocs\yourname_assign1\assign1\user_login.php on line 23: Undefined variable $passwor
2025-06-06 19:16:29 | Error [8192] in C:\xampp\htdocs\yourname_assign1\assign1\user_login.php on line 23: password_verify(): Passing null to parameter #1 ($password) of type string is deprecated
2025-06-06 19:16:50 | Error [2] in C:\xampp\htdocs\yourname_assign1\assign1\user_login.php on line 23: Undefined variable $passwor
2025-06-06 19:16:50 | Error [8192] in C:\xampp\htdocs\yourname_assign1\assign1\user_login.php on line 23: password_verify(): Passing null to parameter #1 ($password) of type string is deprecated
2025-06-06 19:16:55 | Error [2] in C:\xampp\htdocs\yourname_assign1\assign1\user_login.php on line 23: Undefined variable $passwor
2025-06-06 19:16:55 | Error [8192] in C:\xampp\htdocs\yourname_assign1\assign1\user_login.php on line 23: password_verify(): Passing null to parameter #1 ($password) of type string is deprecated
2025-06-06 19:17:01 | Error [2] in C:\xampp\htdocs\yourname_assign1\assign1\user_login.php on line 23: Undefined variable $passwor
2025-06-06 19:17:01 | Error [8192] in C:\xampp\htdocs\yourname_assign1\assign1\user_login.php on line 23: password_verify(): Passing null to parameter #1 ($password) of type string is deprecated
2025-06-06 19:17:18 | Error [2] in C:\xampp\htdocs\yourname_assign1\assign1\user_login.php on line 23: Undefined variable $passwor
2025-06-06 19:17:18 | Error [8192] in C:\xampp\htdocs\yourname_assign1\assign1\user_login.php on line 23: password_verify(): Passing null to parameter #1 ($password) of type string is deprecated
2025-06-06 19:20:36 | Error [2] in C:\xampp\htdocs\yourname_assign1\assign1\user_login.php on line 23: Undefined variable $passwor
2025-06-06 19:20:36 | Error [8192] in C:\xampp\htdocs\yourname_assign1\assign1\user_login.php on line 23: password_verify(): Passing null to parameter #1 ($password) of type string is deprecated
2025-06-06 19:20:36 | Error [512] in C:\xampp\htdocs\yourname_assign1\assign1\user_login.php on line 37: Login failed for user 'admin': invalid password
2025-06-06 19:21:18 | Error [2] in C:\xampp\htdocs\yourname_assign1\assign1\user_login.php on line 23: Undefined variable $passwor
2025-06-06 19:21:18 | Error [8192] in C:\xampp\htdocs\yourname_assign1\assign1\user_login.php on line 23: password_verify(): Passing null to parameter #1 ($password) of type string is deprecated
2025-06-06 19:21:18 | Error [512] in C:\xampp\htdocs\yourname_assign1\assign1\user_login.php on line 37: Login failed for user 'admin': invalid password
2025-06-06 19:21:34 | Error [512] in C:\xampp\htdocs\yourname_assign1\assign1\user_login.php on line 43: Login failed: username 'timmy' not found
2025-06-06 19:24:51 | Error [512] in C:\xampp\htdocs\yourname_assign1\assign1\user_login.php on line 37: Login failed for user 'admin': invalid password
2025-06-06 19:24:58 | Error [512] in C:\xampp\htdocs\yourname_assign1\assign1\user_login.php on line 37: Login failed for user 'admin': invalid password
2025-06-06 19:25:06 | Error [512] in C:\xampp\htdocs\yourname_assign1\assign1\user_login.php on line 37: Login failed for user 'wb': invalid password
2025-06-06 19:33:06 | Error [512] in C:\xampp\htdocs\yourname_assign1\assign1\user_login.php on line 37: Login failed for user 'wb': invalid password
2025-06-07 10:23:08 | Error [512] in C:\xampp\htdocs\yourname_assign1\assign1\login_process.php on line 43: Login failed: username 'tim' not found
2025-06-07 19:18:41 | Error [512] in C:\xampp\htdocs\yourname_assign1\assign1\login_process.php on line 37: Login failed for user 'Username': invalid password
2025-06-07 19:18:53 | Error [512] in C:\xampp\htdocs\yourname_assign1\assign1\login_process.php on line 37: Login failed for user 'Username': invalid password
2025-06-07 19:27:41 | Error [512] in C:\xampp\htdocs\yourname_assign1\assign1\login_process.php on line 43: Login failed: username 'admin' not found
2025-06-08 07:28:45 | Error [512] in C:\xampp\htdocs\yourname_assign1\assign1\login_process.php on line 43: Login failed: username 'Username' not found
2025-06-08 07:28:58 | Error [512] in C:\xampp\htdocs\yourname_assign1\assign1\login_process.php on line 43: Login failed: username 'Username' not found
2025-06-09 06:04:19 | Error [512] in C:\xampp\htdocs\yourname_assign1\assign1\login_process.php on line 43: Login failed: username 'admin' not found
2025-06-09 08:58:53 | Error [512] in C:\xampp\htdocs\yourname_assign1\assign1\login_process.php on line 43: Login failed: username 'awd' not found
2025-06-09 09:07:11 | Error [8] in C:\xampp\htdocs\yourname_assign1\assign1\inc\login_status.inc on line 4: session_start(): Ignoring session_start() because a session is already active
2025-06-09 09:07:17 | Error [8] in C:\xampp\htdocs\yourname_assign1\assign1\inc\login_status.inc on line 4: session_start(): Ignoring session_start() because a session is already active
2025-06-09 09:17:36 | Error [512] in C:\xampp\htdocs\yourname_assign1\assign1\login_process.php on line 42: Login failed: username 'admin' not found
2025-06-09 09:39:59 | Error [512] in C:\xampp\htdocs\yourname_assign1\assign1\login_process.php on line 45: Login failed for user 'Username': invalid password
